0 info it worked if it ends with ok
1 verbose cli [ '/usr/local/bin/node', '/usr/local/bin/npm', 'start' ]
2 info using npm@1.2.15
3 info using node@v0.10.2
4 verbose read json /home/vagrant/app/curly-brackets/package.json
5 verbose run-script [ 'prestart', 'start', 'poststart' ]
6 info prestart nko4-curly-brackets@0.0.0
7 info start nko4-curly-brackets@0.0.0
8 verbose unsafe-perm in lifecycle true
9 silly exec sh "-c" "node server.js"
10 silly sh,-c,node server.js,/home/vagrant/app/curly-brackets spawning
11 info nko4-curly-brackets@0.0.0 Failed to exec start script
12 error nko4-curly-brackets@0.0.0 start: `node server.js`
12 error `sh "-c" "node server.js"` failed with 8
13 error Failed at the nko4-curly-brackets@0.0.0 start script.
13 error This is most likely a problem with the nko4-curly-brackets package,
13 error not with npm itself.
13 error Tell the author that this fails on your system:
13 error     node server.js
13 error You can get their info via:
13 error     npm owner ls nko4-curly-brackets
13 error There is likely additional logging output above.
14 error System Linux 3.2.0-23-generic
15 error command "/usr/local/bin/node" "/usr/local/bin/npm" "start"
16 error cwd /home/vagrant/app/curly-brackets
17 error node -v v0.10.2
18 error npm -v 1.2.15
19 error code ELIFECYCLE
20 verbose exit [ 1, true ]
